Analysis & Synthesis report for mp0
Thu Jan 24 19:02:48 2019
Quartus II 32-bit Version 13.1.4 Build 182 03/12/2014 SJ Full Version


---------------------
; Table of Contents ;
---------------------
  1. Legal Notice
  2. Analysis & Synthesis Summary
  3. Analysis & Synthesis Settings
  4. Parallel Compilation
  5. Analysis & Synthesis Source Files Read
  6. Analysis & Synthesis Resource Usage Summary
  7. Analysis & Synthesis Resource Utilization by Entity
  8. State Machine - |mp0|control:control|state
  9. Registers Removed During Synthesis
 10. General Register Statistics
 11. Inverted Register Statistics
 12. Multiplexer Restructuring Statistics (Restructuring Performed)
 13. Parameter Settings for User Entity Instance: datapath:datapath|mux2:pcmux
 14. Parameter Settings for User Entity Instance: datapath:datapath|pc_register:pc
 15. Parameter Settings for User Entity Instance: datapath:datapath|mux2:cmpmux
 16. Parameter Settings for User Entity Instance: datapath:datapath|mux2:marmux
 17. Parameter Settings for User Entity Instance: datapath:datapath|register:mar
 18. Parameter Settings for User Entity Instance: datapath:datapath|mux2:alumux1
 19. Parameter Settings for User Entity Instance: datapath:datapath|mux4:alumux2
 20. Parameter Settings for User Entity Instance: datapath:datapath|register:mem_data_out
 21. Parameter Settings for User Entity Instance: datapath:datapath|register:mdr
 22. Parameter Settings for User Entity Instance: datapath:datapath|mux4:regfilemux
 23. Parameter Settings for User Entity Instance: datapath:datapath|cmp:cmp
 24. Port Connectivity Checks: "control:control"
 25. Port Connectivity Checks: "datapath:datapath|mux4:regfilemux"
 26. Port Connectivity Checks: "datapath:datapath|ir:IR"
 27. Elapsed Time Per Partition
 28. Analysis & Synthesis Messages
 29. Analysis & Synthesis Suppressed Messages



----------------
; Legal Notice ;
----------------
Copyright (C) 1991-2014 Altera Corporation
Your use of Altera Corporation's design tools, logic functions 
and other software and tools, and its AMPP partner logic 
functions, and any output files from any of the foregoing 
(including device programming or simulation files), and any 
associated documentation or information are expressly subject 
to the terms and conditions of the Altera Program License 
Subscription Agreement, Altera MegaCore Function License 
Agreement, or other applicable license agreement, including, 
without limitation, that your use is for the sole purpose of 
programming logic devices manufactured by Altera and sold by 
Altera or its authorized distributors.  Please refer to the 
applicable agreement for further details.



+-----------------------------------------------------------------------------+
; Analysis & Synthesis Summary                                                ;
+-------------------------------+---------------------------------------------+
; Analysis & Synthesis Status   ; Successful - Thu Jan 24 19:02:48 2019       ;
; Quartus II 32-bit Version     ; 13.1.4 Build 182 03/12/2014 SJ Full Version ;
; Revision Name                 ; mp0                                         ;
; Top-level Entity Name         ; mp0                                         ;
; Family                        ; Stratix III                                 ;
; Logic utilization             ; N/A                                         ;
;     Combinational ALUTs       ; 1,314                                       ;
;     Memory ALUTs              ; 0                                           ;
;     Dedicated logic registers ; 1,165                                       ;
; Total registers               ; 1165                                        ;
; Total pins                    ; 104                                         ;
; Total virtual pins            ; 0                                           ;
; Total block memory bits       ; 0                                           ;
; DSP block 18-bit elements     ; 0                                           ;
; Total PLLs                    ; 0                                           ;
; Total DLLs                    ; 0                                           ;
+-------------------------------+---------------------------------------------+


+---------------------------------------------------------------------------------------------------------------------------+
; Analysis & Synthesis Settings                                                                                             ;
+---------------------------------------------------------------------------------+--------------------+--------------------+
; Option                                                                          ; Setting            ; Default Value      ;
+---------------------------------------------------------------------------------+--------------------+--------------------+
; Device                                                                          ; EP3SE50F780C2      ;                    ;
; Top-level entity name                                                           ; mp0                ; mp0                ;
; Family name                                                                     ; Stratix III        ; Cyclone IV GX      ;
; Use smart compilation                                                           ; Off                ; Off                ;
; Enable parallel Assembler and TimeQuest Timing Analyzer during compilation      ; On                 ; On                 ;
; Enable compact report table                                                     ; Off                ; Off                ;
; Restructure Multiplexers                                                        ; Auto               ; Auto               ;
; MLAB Add Timing Constraints For Mixed-Port Feed-Through Mode Setting Don't Care ; Off                ; Off                ;
; Create Debugging Nodes for IP Cores                                             ; Off                ; Off                ;
; Preserve fewer node names                                                       ; On                 ; On                 ;
; Disable OpenCore Plus hardware evaluation                                       ; Off                ; Off                ;
; Verilog Version                                                                 ; Verilog_2001       ; Verilog_2001       ;
; VHDL Version                                                                    ; VHDL_1993          ; VHDL_1993          ;
; State Machine Processing                                                        ; Auto               ; Auto               ;
; Safe State Machine                                                              ; Off                ; Off                ;
; Extract Verilog State Machines                                                  ; On                 ; On                 ;
; Extract VHDL State Machines                                                     ; On                 ; On                 ;
; Ignore Verilog initial constructs                                               ; Off                ; Off                ;
; Iteration limit for constant Verilog loops                                      ; 5000               ; 5000               ;
; Iteration limit for non-constant Verilog loops                                  ; 250                ; 250                ;
; Add Pass-Through Logic to Inferred RAMs                                         ; On                 ; On                 ;
; Infer RAMs from Raw Logic                                                       ; On                 ; On                 ;
; Parallel Synthesis                                                              ; On                 ; On                 ;
; DSP Block Balancing                                                             ; Auto               ; Auto               ;
; NOT Gate Push-Back                                                              ; On                 ; On                 ;
; Power-Up Don't Care                                                             ; On                 ; On                 ;
; Remove Redundant Logic Cells                                                    ; Off                ; Off                ;
; Remove Duplicate Registers                                                      ; On                 ; On                 ;
; Ignore CARRY Buffers                                                            ; Off                ; Off                ;
; Ignore CASCADE Buffers                                                          ; Off                ; Off                ;
; Ignore GLOBAL Buffers                                                           ; Off                ; Off                ;
; Ignore ROW GLOBAL Buffers                                                       ; Off                ; Off                ;
; Ignore LCELL Buffers                                                            ; Off                ; Off                ;
; Ignore SOFT Buffers                                                             ; On                 ; On                 ;
; Limit AHDL Integers to 32 Bits                                                  ; Off                ; Off                ;
; Optimization Technique                                                          ; Balanced           ; Balanced           ;
; Carry Chain Length                                                              ; 70                 ; 70                 ;
; Auto Carry Chains                                                               ; On                 ; On                 ;
; Auto Open-Drain Pins                                                            ; On                 ; On                 ;
; Perform WYSIWYG Primitive Resynthesis                                           ; Off                ; Off                ;
; Auto ROM Replacement                                                            ; On                 ; On                 ;
; Auto RAM Replacement                                                            ; On                 ; On                 ;
; Auto DSP Block Replacement                                                      ; On                 ; On                 ;
; Auto Shift Register Replacement                                                 ; Auto               ; Auto               ;
; Allow Shift Register Merging across Hierarchies                                 ; Auto               ; Auto               ;
; Auto Clock Enable Replacement                                                   ; On                 ; On                 ;
; Strict RAM Replacement                                                          ; Off                ; Off                ;
; Allow Synchronous Control Signals                                               ; On                 ; On                 ;
; Force Use of Synchronous Clear Signals                                          ; Off                ; Off                ;
; Auto RAM Block Balancing                                                        ; On                 ; On                 ;
; Auto RAM to Logic Cell Conversion                                               ; Off                ; Off                ;
; Auto Resource Sharing                                                           ; Off                ; Off                ;
; Allow Any RAM Size For Recognition                                              ; Off                ; Off                ;
; Allow Any ROM Size For Recognition                                              ; Off                ; Off                ;
; Allow Any Shift Register Size For Recognition                                   ; Off                ; Off                ;
; Use LogicLock Constraints during Resource Balancing                             ; On                 ; On                 ;
; Ignore translate_off and synthesis_off directives                               ; Off                ; Off                ;
; Timing-Driven Synthesis                                                         ; On                 ; On                 ;
; Report Parameter Settings                                                       ; On                 ; On                 ;
; Report Source Assignments                                                       ; On                 ; On                 ;
; Report Connectivity Checks                                                      ; On                 ; On                 ;
; Ignore Maximum Fan-Out Assignments                                              ; Off                ; Off                ;
; Synchronization Register Chain Length                                           ; 2                  ; 2                  ;
; PowerPlay Power Optimization                                                    ; Normal compilation ; Normal compilation ;
; HDL message level                                                               ; Level2             ; Level2             ;
; Suppress Register Optimization Related Messages                                 ; Off                ; Off                ;
; Number of Removed Registers Reported in Synthesis Report                        ; 5000               ; 5000               ;
; Number of Swept Nodes Reported in Synthesis Report                              ; 5000               ; 5000               ;
; Number of Inverted Registers Reported in Synthesis Report                       ; 100                ; 100                ;
; Clock MUX Protection                                                            ; On                 ; On                 ;
; Auto Gated Clock Conversion                                                     ; Off                ; Off                ;
; Block Design Naming                                                             ; Auto               ; Auto               ;
; SDC constraint protection                                                       ; Off                ; Off                ;
; Synthesis Effort                                                                ; Auto               ; Auto               ;
; Shift Register Replacement - Allow Asynchronous Clear Signal                    ; On                 ; On                 ;
; Pre-Mapping Resynthesis Optimization                                            ; Off                ; Off                ;
; Analysis & Synthesis Message Level                                              ; Medium             ; Medium             ;
; Disable Register Merging Across Hierarchies                                     ; Auto               ; Auto               ;
; Resource Aware Inference For Block RAM                                          ; On                 ; On                 ;
; Synthesis Seed                                                                  ; 1                  ; 1                  ;
+---------------------------------------------------------------------------------+--------------------+--------------------+


+------------------------------------------+
; Parallel Compilation                     ;
+----------------------------+-------------+
; Processors                 ; Number      ;
+----------------------------+-------------+
; Number detected on machine ; 8           ;
; Maximum allowed            ; 4           ;
;                            ;             ;
; Average used               ; 1.00        ;
; Maximum used               ; 4           ;
;                            ;             ;
; Usage by Processor         ; % Time Used ;
;     Processor 1            ; 100.0%      ;
;     Processors 2-4         ; < 0.1%      ;
;     Processors 5-8         ;   0.0%      ;
+----------------------------+-------------+


+-------------------------------------------------------------------------------------------------------------------------------------+
; Analysis & Synthesis Source Files Read                                                                                              ;
+----------------------------------+-----------------+------------------------------+---------------------------------------+---------+
; File Name with User-Entered Path ; Used in Netlist ; File Type                    ; File Name with Absolute Path          ; Library ;
+----------------------------------+-----------------+------------------------------+---------------------------------------+---------+
; mp0.sv                           ; yes             ; User SystemVerilog HDL File  ; /home/cao37/ece411/mp0/mp0.sv         ;         ;
; rv32i_types.sv                   ; yes             ; User SystemVerilog HDL File  ; /home/cao37/ece411/mp0/rv32i_types.sv ;         ;
; register.sv                      ; yes             ; User SystemVerilog HDL File  ; /home/cao37/ece411/mp0/register.sv    ;         ;
; regfile.sv                       ; yes             ; User SystemVerilog HDL File  ; /home/cao37/ece411/mp0/regfile.sv     ;         ;
; pc_reg.sv                        ; yes             ; User SystemVerilog HDL File  ; /home/cao37/ece411/mp0/pc_reg.sv      ;         ;
; ir.sv                            ; yes             ; User SystemVerilog HDL File  ; /home/cao37/ece411/mp0/ir.sv          ;         ;
; datapath.sv                      ; yes             ; User SystemVerilog HDL File  ; /home/cao37/ece411/mp0/datapath.sv    ;         ;
; control.sv                       ; yes             ; User SystemVerilog HDL File  ; /home/cao37/ece411/mp0/control.sv     ;         ;
; alu.sv                           ; yes             ; User SystemVerilog HDL File  ; /home/cao37/ece411/mp0/alu.sv         ;         ;
; add4.sv                          ; yes             ; User SystemVerilog HDL File  ; /home/cao37/ece411/mp0/add4.sv        ;         ;
; cmp.sv                           ; yes             ; User SystemVerilog HDL File  ; /home/cao37/ece411/mp0/cmp.sv         ;         ;
; mux2.sv                          ; yes             ; User SystemVerilog HDL File  ; /home/cao37/ece411/mp0/mux2.sv        ;         ;
; mux4.sv                          ; yes             ; User SystemVerilog HDL File  ; /home/cao37/ece411/mp0/mux4.sv        ;         ;
+----------------------------------+-----------------+------------------------------+---------------------------------------+---------+


+-----------------------------------------------------------+
; Analysis & Synthesis Resource Usage Summary               ;
+-----------------------------------------------+-----------+
; Resource                                      ; Usage     ;
+-----------------------------------------------+-----------+
; Estimated ALUTs Used                          ; 1314      ;
;     -- Combinational ALUTs                    ; 1314      ;
;     -- Memory ALUTs                           ; 0         ;
;     -- LUT_REGs                               ; 0         ;
; Dedicated logic registers                     ; 1165      ;
;                                               ;           ;
; Estimated ALUTs Unavailable                   ; 459       ;
;     -- Due to unpartnered combinational logic ; 459       ;
;     -- Due to Memory ALUTs                    ; 0         ;
;                                               ;           ;
; Total combinational functions                 ; 1314      ;
; Combinational ALUT usage by number of inputs  ;           ;
;     -- 7 input functions                      ; 459       ;
;     -- 6 input functions                      ; 348       ;
;     -- 5 input functions                      ; 200       ;
;     -- 4 input functions                      ; 105       ;
;     -- <=3 input functions                    ; 202       ;
;                                               ;           ;
; Combinational ALUTs by mode                   ;           ;
;     -- normal mode                            ; 760       ;
;     -- extended LUT mode                      ; 459       ;
;     -- arithmetic mode                        ; 95        ;
;     -- shared arithmetic mode                 ; 0         ;
;                                               ;           ;
; Estimated ALUT/register pairs used            ; 2669      ;
;                                               ;           ;
; Total registers                               ; 1165      ;
;     -- Dedicated logic registers              ; 1165      ;
;     -- I/O registers                          ; 0         ;
;     -- LUT_REGs                               ; 0         ;
;                                               ;           ;
;                                               ;           ;
; I/O pins                                      ; 104       ;
; DSP block 18-bit elements                     ; 0         ;
; Maximum fan-out node                          ; clk~input ;
; Maximum fan-out                               ; 1165      ;
; Total fan-out                                 ; 11045     ;
; Average fan-out                               ; 4.11      ;
+-----------------------------------------------+-----------+


+---------------------------------------------------------------------------------------------------------------------------------------------------------------------------------------------------------------------------------------+
; Analysis & Synthesis Resource Utilization by Entity                                                                                                                                                                                   ;
+-------------------------------+-------------------+--------------+-------------------+--------------+---------+-----------+-----------+-----------+------+--------------+----------------------------------------------+--------------+
; Compilation Hierarchy Node    ; LC Combinationals ; LC Registers ; Block Memory Bits ; DSP Elements ; DSP 9x9 ; DSP 12x12 ; DSP 18x18 ; DSP 36x36 ; Pins ; Virtual Pins ; Full Hierarchy Name                          ; Library Name ;
+-------------------------------+-------------------+--------------+-------------------+--------------+---------+-----------+-----------+-----------+------+--------------+----------------------------------------------+--------------+
; |mp0                          ; 1314 (0)          ; 1165 (0)     ; 0                 ; 0            ; 0       ; 0         ; 0         ; 0         ; 104  ; 0            ; |mp0                                         ; work         ;
;    |control:control|          ; 39 (39)           ; 13 (13)      ; 0                 ; 0            ; 0       ; 0         ; 0         ; 0         ; 0    ; 0            ; |mp0|control:control                         ; work         ;
;    |datapath:datapath|        ; 1275 (0)          ; 1152 (0)     ; 0                 ; 0            ; 0       ; 0         ; 0         ; 0         ; 0    ; 0            ; |mp0|datapath:datapath                       ; work         ;
;       |add4:add4|             ; 30 (30)           ; 0 (0)        ; 0                 ; 0            ; 0       ; 0         ; 0         ; 0         ; 0    ; 0            ; |mp0|datapath:datapath|add4:add4             ; work         ;
;       |alu:alu|               ; 384 (384)         ; 0 (0)        ; 0                 ; 0            ; 0       ; 0         ; 0         ; 0         ; 0    ; 0            ; |mp0|datapath:datapath|alu:alu               ; work         ;
;       |cmp:cmp|               ; 60 (60)           ; 0 (0)        ; 0                 ; 0            ; 0       ; 0         ; 0         ; 0         ; 0    ; 0            ; |mp0|datapath:datapath|cmp:cmp               ; work         ;
;       |ir:IR|                 ; 0 (0)             ; 32 (32)      ; 0                 ; 0            ; 0       ; 0         ; 0         ; 0         ; 0    ; 0            ; |mp0|datapath:datapath|ir:IR                 ; work         ;
;       |mux2:alumux1|          ; 32 (32)           ; 0 (0)        ; 0                 ; 0            ; 0       ; 0         ; 0         ; 0         ; 0    ; 0            ; |mp0|datapath:datapath|mux2:alumux1          ; work         ;
;       |mux2:cmpmux|           ; 24 (24)           ; 0 (0)        ; 0                 ; 0            ; 0       ; 0         ; 0         ; 0         ; 0    ; 0            ; |mp0|datapath:datapath|mux2:cmpmux           ; work         ;
;       |mux2:pcmux|            ; 2 (2)             ; 0 (0)        ; 0                 ; 0            ; 0       ; 0         ; 0         ; 0         ; 0    ; 0            ; |mp0|datapath:datapath|mux2:pcmux            ; work         ;
;       |mux4:alumux2|          ; 36 (36)           ; 0 (0)        ; 0                 ; 0            ; 0       ; 0         ; 0         ; 0         ; 0    ; 0            ; |mp0|datapath:datapath|mux4:alumux2          ; work         ;
;       |mux4:regfilemux|       ; 49 (49)           ; 0 (0)        ; 0                 ; 0            ; 0       ; 0         ; 0         ; 0         ; 0    ; 0            ; |mp0|datapath:datapath|mux4:regfilemux       ; work         ;
;       |pc_register:pc|        ; 2 (2)             ; 32 (32)      ; 0                 ; 0            ; 0       ; 0         ; 0         ; 0         ; 0    ; 0            ; |mp0|datapath:datapath|pc_register:pc        ; work         ;
;       |regfile:regfile|       ; 656 (656)         ; 992 (992)    ; 0                 ; 0            ; 0       ; 0         ; 0         ; 0         ; 0    ; 0            ; |mp0|datapath:datapath|regfile:regfile       ; work         ;
;       |register:mar|          ; 0 (0)             ; 32 (32)      ; 0                 ; 0            ; 0       ; 0         ; 0         ; 0         ; 0    ; 0            ; |mp0|datapath:datapath|register:mar          ; work         ;
;       |register:mdr|          ; 0 (0)             ; 32 (32)      ; 0                 ; 0            ; 0       ; 0         ; 0         ; 0         ; 0    ; 0            ; |mp0|datapath:datapath|register:mdr          ; work         ;
;       |register:mem_data_out| ; 0 (0)             ; 32 (32)      ; 0                 ; 0            ; 0       ; 0         ; 0         ; 0         ; 0    ; 0            ; |mp0|datapath:datapath|register:mem_data_out ; work         ;
+-------------------------------+-------------------+--------------+-------------------+--------------+---------+-----------+-----------+-----------+------+--------------+----------------------------------------------+--------------+
Note: For table entries with two numbers listed, the numbers in parentheses indicate the number of resources of the given type used by the specific entity alone. The numbers listed outside of parentheses indicate the total resources of the given type used by the specific entity and all of its sub-entities in the hierarchy.


Encoding Type:  One-Hot
+----------------------------------------------------------------------------------------------------------------------------------------------------------------------------------------------------------+
; State Machine - |mp0|control:control|state                                                                                                                                                               ;
+-----------------+------------+------------+------------+------------+-----------------+-------------+-------------+----------+---------------+--------------+--------------+--------------+--------------+
; Name            ; state.str2 ; state.str1 ; state.ldr2 ; state.ldr1 ; state.calc_addr ; state.s_imm ; state.s_lui ; state.br ; state.s_auipc ; state.decode ; state.fetch3 ; state.fetch2 ; state.fetch1 ;
+-----------------+------------+------------+------------+------------+-----------------+-------------+-------------+----------+---------------+--------------+--------------+--------------+--------------+
; state.fetch1    ; 0          ; 0          ; 0          ; 0          ; 0               ; 0           ; 0           ; 0        ; 0             ; 0            ; 0            ; 0            ; 0            ;
; state.fetch2    ; 0          ; 0          ; 0          ; 0          ; 0               ; 0           ; 0           ; 0        ; 0             ; 0            ; 0            ; 1            ; 1            ;
; state.fetch3    ; 0          ; 0          ; 0          ; 0          ; 0               ; 0           ; 0           ; 0        ; 0             ; 0            ; 1            ; 0            ; 1            ;
; state.decode    ; 0          ; 0          ; 0          ; 0          ; 0               ; 0           ; 0           ; 0        ; 0             ; 1            ; 0            ; 0            ; 1            ;
; state.s_auipc   ; 0          ; 0          ; 0          ; 0          ; 0               ; 0           ; 0           ; 0        ; 1             ; 0            ; 0            ; 0            ; 1            ;
; state.br        ; 0          ; 0          ; 0          ; 0          ; 0               ; 0           ; 0           ; 1        ; 0             ; 0            ; 0            ; 0            ; 1            ;
; state.s_lui     ; 0          ; 0          ; 0          ; 0          ; 0               ; 0           ; 1           ; 0        ; 0             ; 0            ; 0            ; 0            ; 1            ;
; state.s_imm     ; 0          ; 0          ; 0          ; 0          ; 0               ; 1           ; 0           ; 0        ; 0             ; 0            ; 0            ; 0            ; 1            ;
; state.calc_addr ; 0          ; 0          ; 0          ; 0          ; 1               ; 0           ; 0           ; 0        ; 0             ; 0            ; 0            ; 0            ; 1            ;
; state.ldr1      ; 0          ; 0          ; 0          ; 1          ; 0               ; 0           ; 0           ; 0        ; 0             ; 0            ; 0            ; 0            ; 1            ;
; state.ldr2      ; 0          ; 0          ; 1          ; 0          ; 0               ; 0           ; 0           ; 0        ; 0             ; 0            ; 0            ; 0            ; 1            ;
; state.str1      ; 0          ; 1          ; 0          ; 0          ; 0               ; 0           ; 0           ; 0        ; 0             ; 0            ; 0            ; 0            ; 1            ;
; state.str2      ; 1          ; 0          ; 0          ; 0          ; 0               ; 0           ; 0           ; 0        ; 0             ; 0            ; 0            ; 0            ; 1            ;
+-----------------+------------+------------+------------+------------+-----------------+-------------+-------------+----------+---------------+--------------+--------------+--------------+--------------+


+-----------------------------------------------------------------------------------------+
; Registers Removed During Synthesis                                                      ;
+-------------------------------------------+---------------------------------------------+
; Register name                             ; Reason for Removal                          ;
+-------------------------------------------+---------------------------------------------+
; control:control|state~2                   ; Lost fanout                                 ;
; control:control|state~3                   ; Lost fanout                                 ;
; control:control|state~4                   ; Lost fanout                                 ;
; control:control|state~5                   ; Lost fanout                                 ;
; control:control|state~6                   ; Lost fanout                                 ;
; control:control|state~7                   ; Lost fanout                                 ;
; control:control|state~8                   ; Lost fanout                                 ;
; control:control|state~9                   ; Lost fanout                                 ;
; control:control|state~10                  ; Lost fanout                                 ;
; control:control|state~11                  ; Lost fanout                                 ;
; control:control|state~12                  ; Lost fanout                                 ;
; control:control|state~13                  ; Lost fanout                                 ;
; control:control|state~14                  ; Lost fanout                                 ;
; control:control|state~15                  ; Lost fanout                                 ;
; control:control|state~16                  ; Lost fanout                                 ;
; control:control|state~17                  ; Lost fanout                                 ;
; control:control|state~18                  ; Lost fanout                                 ;
; control:control|state~19                  ; Lost fanout                                 ;
; control:control|state~20                  ; Lost fanout                                 ;
; control:control|state~21                  ; Lost fanout                                 ;
; control:control|state~22                  ; Lost fanout                                 ;
; control:control|state~23                  ; Lost fanout                                 ;
; control:control|state~24                  ; Lost fanout                                 ;
; control:control|state~25                  ; Lost fanout                                 ;
; control:control|state~26                  ; Lost fanout                                 ;
; control:control|state~27                  ; Lost fanout                                 ;
; control:control|state~28                  ; Lost fanout                                 ;
; control:control|state~29                  ; Lost fanout                                 ;
; control:control|state~30                  ; Lost fanout                                 ;
; control:control|state~31                  ; Lost fanout                                 ;
; control:control|state~32                  ; Lost fanout                                 ;
; control:control|state~33                  ; Lost fanout                                 ;
; datapath:datapath|regfile:regfile|data~0  ; Stuck at GND due to stuck port clock_enable ;
; datapath:datapath|regfile:regfile|data~8  ; Stuck at GND due to stuck port clock_enable ;
; datapath:datapath|regfile:regfile|data~10 ; Stuck at GND due to stuck port clock_enable ;
; datapath:datapath|regfile:regfile|data~9  ; Stuck at GND due to stuck port clock_enable ;
; datapath:datapath|regfile:regfile|data~11 ; Stuck at GND due to stuck port clock_enable ;
; datapath:datapath|regfile:regfile|data~12 ; Stuck at GND due to stuck port clock_enable ;
; datapath:datapath|regfile:regfile|data~14 ; Stuck at GND due to stuck port clock_enable ;
; datapath:datapath|regfile:regfile|data~13 ; Stuck at GND due to stuck port clock_enable ;
; datapath:datapath|regfile:regfile|data~15 ; Stuck at GND due to stuck port clock_enable ;
; datapath:datapath|regfile:regfile|data~2  ; Stuck at GND due to stuck port clock_enable ;
; datapath:datapath|regfile:regfile|data~1  ; Stuck at GND due to stuck port clock_enable ;
; datapath:datapath|regfile:regfile|data~3  ; Stuck at GND due to stuck port clock_enable ;
; datapath:datapath|regfile:regfile|data~4  ; Stuck at GND due to stuck port clock_enable ;
; datapath:datapath|regfile:regfile|data~6  ; Stuck at GND due to stuck port clock_enable ;
; datapath:datapath|regfile:regfile|data~5  ; Stuck at GND due to stuck port clock_enable ;
; datapath:datapath|regfile:regfile|data~7  ; Stuck at GND due to stuck port clock_enable ;
; datapath:datapath|regfile:regfile|data~24 ; Stuck at GND due to stuck port clock_enable ;
; datapath:datapath|regfile:regfile|data~26 ; Stuck at GND due to stuck port clock_enable ;
; datapath:datapath|regfile:regfile|data~25 ; Stuck at GND due to stuck port clock_enable ;
; datapath:datapath|regfile:regfile|data~27 ; Stuck at GND due to stuck port clock_enable ;
; datapath:datapath|regfile:regfile|data~28 ; Stuck at GND due to stuck port clock_enable ;
; datapath:datapath|regfile:regfile|data~30 ; Stuck at GND due to stuck port clock_enable ;
; datapath:datapath|regfile:regfile|data~29 ; Stuck at GND due to stuck port clock_enable ;
; datapath:datapath|regfile:regfile|data~31 ; Stuck at GND due to stuck port clock_enable ;
; datapath:datapath|regfile:regfile|data~16 ; Stuck at GND due to stuck port clock_enable ;
; datapath:datapath|regfile:regfile|data~18 ; Stuck at GND due to stuck port clock_enable ;
; datapath:datapath|regfile:regfile|data~17 ; Stuck at GND due to stuck port clock_enable ;
; datapath:datapath|regfile:regfile|data~19 ; Stuck at GND due to stuck port clock_enable ;
; datapath:datapath|regfile:regfile|data~20 ; Stuck at GND due to stuck port clock_enable ;
; datapath:datapath|regfile:regfile|data~22 ; Stuck at GND due to stuck port clock_enable ;
; datapath:datapath|regfile:regfile|data~21 ; Stuck at GND due to stuck port clock_enable ;
; datapath:datapath|regfile:regfile|data~23 ; Stuck at GND due to stuck port clock_enable ;
; Total Number of Removed Registers = 64    ;                                             ;
+-------------------------------------------+---------------------------------------------+


+------------------------------------------------------+
; General Register Statistics                          ;
+----------------------------------------------+-------+
; Statistic                                    ; Value ;
+----------------------------------------------+-------+
; Total registers                              ; 1165  ;
; Number of registers using Synchronous Clear  ; 0     ;
; Number of registers using Synchronous Load   ; 60    ;
; Number of registers using Asynchronous Clear ; 0     ;
; Number of registers using Asynchronous Load  ; 0     ;
; Number of registers using Clock Enable       ; 1152  ;
; Number of registers using Preset             ; 0     ;
+----------------------------------------------+-------+


+----------------------------------------------------+
; Inverted Register Statistics                       ;
+------------------------------------------+---------+
; Inverted Register                        ; Fan out ;
+------------------------------------------+---------+
; datapath:datapath|pc_register:pc|data[6] ; 5       ;
; datapath:datapath|pc_register:pc|data[5] ; 5       ;
; Total number of inverted registers = 2   ;         ;
+------------------------------------------+---------+


+------------------------------------------------------------------------------------------------------------------------------------------------------------+
; Multiplexer Restructuring Statistics (Restructuring Performed)                                                                                             ;
+--------------------+-----------+---------------+----------------------+------------------------+------------+----------------------------------------------+
; Multiplexer Inputs ; Bus Width ; Baseline Area ; Area if Restructured ; Saving if Restructured ; Registered ; Example Multiplexer Output                   ;
+--------------------+-----------+---------------+----------------------+------------------------+------------+----------------------------------------------+
; 4:1                ; 4 bits    ; 8 ALUTs       ; 8 ALUTs              ; 0 ALUTs                ; No         ; |mp0|datapath:datapath|mux4:alumux2|Mux27    ;
; 3:1                ; 4 bits    ; 8 ALUTs       ; 8 ALUTs              ; 0 ALUTs                ; No         ; |mp0|datapath:datapath|alu:alu|ShiftLeft0    ;
; 3:1                ; 4 bits    ; 8 ALUTs       ; 8 ALUTs              ; 0 ALUTs                ; No         ; |mp0|datapath:datapath|alu:alu|ShiftRight1   ;
; 3:1                ; 4 bits    ; 8 ALUTs       ; 8 ALUTs              ; 0 ALUTs                ; No         ; |mp0|datapath:datapath|alu:alu|ShiftRight0   ;
; 3:1                ; 2 bits    ; 4 ALUTs       ; 4 ALUTs              ; 0 ALUTs                ; No         ; |mp0|datapath:datapath|alu:alu|ShiftLeft0    ;
; 3:1                ; 4 bits    ; 8 ALUTs       ; 8 ALUTs              ; 0 ALUTs                ; No         ; |mp0|datapath:datapath|alu:alu|ShiftLeft0    ;
; 4:1                ; 11 bits   ; 22 ALUTs      ; 22 ALUTs             ; 0 ALUTs                ; No         ; |mp0|datapath:datapath|mux4:regfilemux|Mux20 ;
; 4:1                ; 20 bits   ; 40 ALUTs      ; 40 ALUTs             ; 0 ALUTs                ; No         ; |mp0|datapath:datapath|mux4:regfilemux|Mux16 ;
; 4:1                ; 3 bits    ; 6 ALUTs       ; 3 ALUTs              ; 3 ALUTs                ; No         ; |mp0|control:control|aluop                   ;
; 4:1                ; 3 bits    ; 6 ALUTs       ; 6 ALUTs              ; 0 ALUTs                ; No         ; |mp0|control:control|cmpop[0]                ;
; 4:1                ; 5 bits    ; 10 ALUTs      ; 10 ALUTs             ; 0 ALUTs                ; No         ; |mp0|control:control|Selector16              ;
; 11:1               ; 8 bits    ; 56 ALUTs      ; 56 ALUTs             ; 0 ALUTs                ; No         ; |mp0|datapath:datapath|alu:alu|Selector22    ;
; 12:1               ; 11 bits   ; 88 ALUTs      ; 88 ALUTs             ; 0 ALUTs                ; No         ; |mp0|datapath:datapath|alu:alu|Selector14    ;
; 6:1                ; 2 bits    ; 8 ALUTs       ; 6 ALUTs              ; 2 ALUTs                ; No         ; |mp0|control:control|Selector22              ;
; 12:1               ; 4 bits    ; 32 ALUTs      ; 32 ALUTs             ; 0 ALUTs                ; No         ; |mp0|datapath:datapath|alu:alu|Selector25    ;
; 13:1               ; 3 bits    ; 24 ALUTs      ; 24 ALUTs             ; 0 ALUTs                ; No         ; |mp0|datapath:datapath|alu:alu|Selector28    ;
; 14:1               ; 3 bits    ; 27 ALUTs      ; 27 ALUTs             ; 0 ALUTs                ; No         ; |mp0|datapath:datapath|alu:alu|Selector1     ;
+--------------------+-----------+---------------+----------------------+------------------------+------------+----------------------------------------------+


+---------------------------------------------------------------------------+
; Parameter Settings for User Entity Instance: datapath:datapath|mux2:pcmux ;
+----------------+-------+--------------------------------------------------+
; Parameter Name ; Value ; Type                                             ;
+----------------+-------+--------------------------------------------------+
; width          ; 32    ; Signed Integer                                   ;
+----------------+-------+--------------------------------------------------+
Note: In order to hide this table in the UI and the text report file, please set the "Show Parameter Settings in Synthesis Report" option in "Analysis and Synthesis Settings -> More Settings" to "Off".


+-------------------------------------------------------------------------------+
; Parameter Settings for User Entity Instance: datapath:datapath|pc_register:pc ;
+----------------+-------+------------------------------------------------------+
; Parameter Name ; Value ; Type                                                 ;
+----------------+-------+------------------------------------------------------+
; width          ; 32    ; Signed Integer                                       ;
+----------------+-------+------------------------------------------------------+
Note: In order to hide this table in the UI and the text report file, please set the "Show Parameter Settings in Synthesis Report" option in "Analysis and Synthesis Settings -> More Settings" to "Off".


+----------------------------------------------------------------------------+
; Parameter Settings for User Entity Instance: datapath:datapath|mux2:cmpmux ;
+----------------+-------+---------------------------------------------------+
; Parameter Name ; Value ; Type                                              ;
+----------------+-------+---------------------------------------------------+
; width          ; 32    ; Signed Integer                                    ;
+----------------+-------+---------------------------------------------------+
Note: In order to hide this table in the UI and the text report file, please set the "Show Parameter Settings in Synthesis Report" option in "Analysis and Synthesis Settings -> More Settings" to "Off".


+----------------------------------------------------------------------------+
; Parameter Settings for User Entity Instance: datapath:datapath|mux2:marmux ;
+----------------+-------+---------------------------------------------------+
; Parameter Name ; Value ; Type                                              ;
+----------------+-------+---------------------------------------------------+
; width          ; 32    ; Signed Integer                                    ;
+----------------+-------+---------------------------------------------------+
Note: In order to hide this table in the UI and the text report file, please set the "Show Parameter Settings in Synthesis Report" option in "Analysis and Synthesis Settings -> More Settings" to "Off".


+-----------------------------------------------------------------------------+
; Parameter Settings for User Entity Instance: datapath:datapath|register:mar ;
+----------------+-------+----------------------------------------------------+
; Parameter Name ; Value ; Type                                               ;
+----------------+-------+----------------------------------------------------+
; width          ; 32    ; Signed Integer                                     ;
+----------------+-------+----------------------------------------------------+
Note: In order to hide this table in the UI and the text report file, please set the "Show Parameter Settings in Synthesis Report" option in "Analysis and Synthesis Settings -> More Settings" to "Off".


+-----------------------------------------------------------------------------+
; Parameter Settings for User Entity Instance: datapath:datapath|mux2:alumux1 ;
+----------------+-------+----------------------------------------------------+
; Parameter Name ; Value ; Type                                               ;
+----------------+-------+----------------------------------------------------+
; width          ; 32    ; Signed Integer                                     ;
+----------------+-------+----------------------------------------------------+
Note: In order to hide this table in the UI and the text report file, please set the "Show Parameter Settings in Synthesis Report" option in "Analysis and Synthesis Settings -> More Settings" to "Off".


+-----------------------------------------------------------------------------+
; Parameter Settings for User Entity Instance: datapath:datapath|mux4:alumux2 ;
+----------------+-------+----------------------------------------------------+
; Parameter Name ; Value ; Type                                               ;
+----------------+-------+----------------------------------------------------+
; width          ; 32    ; Signed Integer                                     ;
+----------------+-------+----------------------------------------------------+
Note: In order to hide this table in the UI and the text report file, please set the "Show Parameter Settings in Synthesis Report" option in "Analysis and Synthesis Settings -> More Settings" to "Off".


+--------------------------------------------------------------------------------------+
; Parameter Settings for User Entity Instance: datapath:datapath|register:mem_data_out ;
+----------------+-------+-------------------------------------------------------------+
; Parameter Name ; Value ; Type                                                        ;
+----------------+-------+-------------------------------------------------------------+
; width          ; 32    ; Signed Integer                                              ;
+----------------+-------+-------------------------------------------------------------+
Note: In order to hide this table in the UI and the text report file, please set the "Show Parameter Settings in Synthesis Report" option in "Analysis and Synthesis Settings -> More Settings" to "Off".


+-----------------------------------------------------------------------------+
; Parameter Settings for User Entity Instance: datapath:datapath|register:mdr ;
+----------------+-------+----------------------------------------------------+
; Parameter Name ; Value ; Type                                               ;
+----------------+-------+----------------------------------------------------+
; width          ; 32    ; Signed Integer                                     ;
+----------------+-------+----------------------------------------------------+
Note: In order to hide this table in the UI and the text report file, please set the "Show Parameter Settings in Synthesis Report" option in "Analysis and Synthesis Settings -> More Settings" to "Off".


+--------------------------------------------------------------------------------+
; Parameter Settings for User Entity Instance: datapath:datapath|mux4:regfilemux ;
+----------------+-------+-------------------------------------------------------+
; Parameter Name ; Value ; Type                                                  ;
+----------------+-------+-------------------------------------------------------+
; width          ; 32    ; Signed Integer                                        ;
+----------------+-------+-------------------------------------------------------+
Note: In order to hide this table in the UI and the text report file, please set the "Show Parameter Settings in Synthesis Report" option in "Analysis and Synthesis Settings -> More Settings" to "Off".


+------------------------------------------------------------------------+
; Parameter Settings for User Entity Instance: datapath:datapath|cmp:cmp ;
+----------------+-------+-----------------------------------------------+
; Parameter Name ; Value ; Type                                          ;
+----------------+-------+-----------------------------------------------+
; width          ; 32    ; Signed Integer                                ;
+----------------+-------+-----------------------------------------------+
Note: In order to hide this table in the UI and the text report file, please set the "Show Parameter Settings in Synthesis Report" option in "Analysis and Synthesis Settings -> More Settings" to "Off".


+---------------------------------------------+
; Port Connectivity Checks: "control:control" ;
+------+-------+----------+-------------------+
; Port ; Type  ; Severity ; Details           ;
+------+-------+----------+-------------------+
; rs1  ; Input ; Info     ; Stuck at GND      ;
; rs2  ; Input ; Info     ; Stuck at GND      ;
+------+-------+----------+-------------------+


+---------------------------------------------------------------+
; Port Connectivity Checks: "datapath:datapath|mux4:regfilemux" ;
+----------+-------+----------+---------------------------------+
; Port     ; Type  ; Severity ; Details                         ;
+----------+-------+----------+---------------------------------+
; b[31..1] ; Input ; Info     ; Stuck at GND                    ;
+----------+-------+----------+---------------------------------+


+-----------------------------------------------------------------------------------------------------------------+
; Port Connectivity Checks: "datapath:datapath|ir:IR"                                                             ;
+-------+--------+----------+-------------------------------------------------------------------------------------+
; Port  ; Type   ; Severity ; Details                                                                             ;
+-------+--------+----------+-------------------------------------------------------------------------------------+
; j_imm ; Output ; Info     ; Connected to dangling logic. Logic that only feeds a dangling port will be removed. ;
+-------+--------+----------+-------------------------------------------------------------------------------------+


+-------------------------------+
; Elapsed Time Per Partition    ;
+----------------+--------------+
; Partition Name ; Elapsed Time ;
+----------------+--------------+
; Top            ; 00:00:03     ;
+----------------+--------------+


+-------------------------------+
; Analysis & Synthesis Messages ;
+-------------------------------+
Info: *******************************************************************
Info: Running Quartus II 32-bit Analysis & Synthesis
    Info: Version 13.1.4 Build 182 03/12/2014 SJ Full Version
    Info: Processing started: Thu Jan 24 19:02:41 2019
Info: Command: quartus_map --read_settings_files=on --write_settings_files=off mp0 -c mp0
Info (11104): Parallel Compilation has detected 8 hyper-threaded processors. However, the extra hyper-threaded processors will not be used by default. Parallel Compilation will use 4 of the 4 physical processors detected instead.
Info (12021): Found 1 design units, including 1 entities, in source file mp0.sv
    Info (12023): Found entity 1: mp0
Info (12021): Found 1 design units, including 0 entities, in source file rv32i_types.sv
    Info (12022): Found design unit 1: rv32i_types (SystemVerilog)
Info (12021): Found 1 design units, including 1 entities, in source file register.sv
    Info (12023): Found entity 1: register
Info (12021): Found 1 design units, including 1 entities, in source file regfile.sv
    Info (12023): Found entity 1: regfile
Info (12021): Found 1 design units, including 1 entities, in source file pc_reg.sv
    Info (12023): Found entity 1: pc_register
Info (12021): Found 1 design units, including 1 entities, in source file ir.sv
    Info (12023): Found entity 1: ir
Info (12021): Found 1 design units, including 1 entities, in source file datapath.sv
    Info (12023): Found entity 1: datapath
Info (12021): Found 1 design units, including 1 entities, in source file control.sv
    Info (12023): Found entity 1: control
Info (12021): Found 1 design units, including 1 entities, in source file alu.sv
    Info (12023): Found entity 1: alu
Info (12021): Found 1 design units, including 1 entities, in source file magic_memory.sv
    Info (12023): Found entity 1: magic_memory
Info (12021): Found 1 design units, including 1 entities, in source file mp0_tb.sv
    Info (12023): Found entity 1: mp0_tb
Info (12021): Found 40 design units, including 40 entities, in source file rvfimon.v
    Info (12023): Found entity 1: riscv_formal_monitor_rv32i
    Info (12023): Found entity 2: riscv_formal_monitor_rv32i_rob
    Info (12023): Found entity 3: riscv_formal_monitor_rv32i_isa_spec
    Info (12023): Found entity 4: riscv_formal_monitor_rv32i_insn_add
    Info (12023): Found entity 5: riscv_formal_monitor_rv32i_insn_addi
    Info (12023): Found entity 6: riscv_formal_monitor_rv32i_insn_and
    Info (12023): Found entity 7: riscv_formal_monitor_rv32i_insn_andi
    Info (12023): Found entity 8: riscv_formal_monitor_rv32i_insn_auipc
    Info (12023): Found entity 9: riscv_formal_monitor_rv32i_insn_beq
    Info (12023): Found entity 10: riscv_formal_monitor_rv32i_insn_bge
    Info (12023): Found entity 11: riscv_formal_monitor_rv32i_insn_bgeu
    Info (12023): Found entity 12: riscv_formal_monitor_rv32i_insn_blt
    Info (12023): Found entity 13: riscv_formal_monitor_rv32i_insn_bltu
    Info (12023): Found entity 14: riscv_formal_monitor_rv32i_insn_bne
    Info (12023): Found entity 15: riscv_formal_monitor_rv32i_insn_jal
    Info (12023): Found entity 16: riscv_formal_monitor_rv32i_insn_jalr
    Info (12023): Found entity 17: riscv_formal_monitor_rv32i_insn_lb
    Info (12023): Found entity 18: riscv_formal_monitor_rv32i_insn_lbu
    Info (12023): Found entity 19: riscv_formal_monitor_rv32i_insn_lh
    Info (12023): Found entity 20: riscv_formal_monitor_rv32i_insn_lhu
    Info (12023): Found entity 21: riscv_formal_monitor_rv32i_insn_lui
    Info (12023): Found entity 22: riscv_formal_monitor_rv32i_insn_lw
    Info (12023): Found entity 23: riscv_formal_monitor_rv32i_insn_or
    Info (12023): Found entity 24: riscv_formal_monitor_rv32i_insn_ori
    Info (12023): Found entity 25: riscv_formal_monitor_rv32i_insn_sb
    Info (12023): Found entity 26: riscv_formal_monitor_rv32i_insn_sh
    Info (12023): Found entity 27: riscv_formal_monitor_rv32i_insn_sll
    Info (12023): Found entity 28: riscv_formal_monitor_rv32i_insn_slli
    Info (12023): Found entity 29: riscv_formal_monitor_rv32i_insn_slt
    Info (12023): Found entity 30: riscv_formal_monitor_rv32i_insn_slti
    Info (12023): Found entity 31: riscv_formal_monitor_rv32i_insn_sltiu
    Info (12023): Found entity 32: riscv_formal_monitor_rv32i_insn_sltu
    Info (12023): Found entity 33: riscv_formal_monitor_rv32i_insn_sra
    Info (12023): Found entity 34: riscv_formal_monitor_rv32i_insn_srai
    Info (12023): Found entity 35: riscv_formal_monitor_rv32i_insn_srl
    Info (12023): Found entity 36: riscv_formal_monitor_rv32i_insn_srli
    Info (12023): Found entity 37: riscv_formal_monitor_rv32i_insn_sub
    Info (12023): Found entity 38: riscv_formal_monitor_rv32i_insn_sw
    Info (12023): Found entity 39: riscv_formal_monitor_rv32i_insn_xor
    Info (12023): Found entity 40: riscv_formal_monitor_rv32i_insn_xori
Info (12021): Found 1 design units, including 1 entities, in source file add4.sv
    Info (12023): Found entity 1: add4
Info (12021): Found 1 design units, including 1 entities, in source file cmp.sv
    Info (12023): Found entity 1: cmp
Info (12021): Found 1 design units, including 1 entities, in source file mux2.sv
    Info (12023): Found entity 1: mux2
Info (12021): Found 1 design units, including 1 entities, in source file mux4.sv
    Info (12023): Found entity 1: mux4
Info (12127): Elaborating entity "mp0" for the top level hierarchy
Warning (10030): Net "rs1" at mp0.sv(37) has no driver or initial value, using a default initial value '0'
Warning (10030): Net "rs2" at mp0.sv(38) has no driver or initial value, using a default initial value '0'
Info (12128): Elaborating entity "datapath" for hierarchy "datapath:datapath"
Info (12128): Elaborating entity "add4" for hierarchy "datapath:datapath|add4:add4"
Info (12128): Elaborating entity "mux2" for hierarchy "datapath:datapath|mux2:pcmux"
Info (12128): Elaborating entity "pc_register" for hierarchy "datapath:datapath|pc_register:pc"
Info (12128): Elaborating entity "register" for hierarchy "datapath:datapath|register:mar"
Info (12128): Elaborating entity "ir" for hierarchy "datapath:datapath|ir:IR"
Info (12128): Elaborating entity "regfile" for hierarchy "datapath:datapath|regfile:regfile"
Info (12128): Elaborating entity "mux4" for hierarchy "datapath:datapath|mux4:alumux2"
Info (12128): Elaborating entity "alu" for hierarchy "datapath:datapath|alu:alu"
Info (12128): Elaborating entity "cmp" for hierarchy "datapath:datapath|cmp:cmp"
Info (12128): Elaborating entity "control" for hierarchy "control:control"
Warning (10036): Verilog HDL or VHDL warning at control.sv(47): object "trap" assigned a value but never read
Warning (10036): Verilog HDL or VHDL warning at control.sv(48): object "rs1_addr" assigned a value but never read
Warning (10036): Verilog HDL or VHDL warning at control.sv(48): object "rs2_addr" assigned a value but never read
Warning (10036): Verilog HDL or VHDL warning at control.sv(49): object "rmask" assigned a value but never read
Warning (10036): Verilog HDL or VHDL warning at control.sv(49): object "wmask" assigned a value but never read
Info (10264): Verilog HDL Case Statement information at control.sv(273): all case item expressions in this case statement are onehot
Info (276014): Found 1 instances of uninferred RAM logic
    Info (276006): RAM logic "datapath:datapath|regfile:regfile|data" is uninferred due to "logic" being set as ramstyle synthesis attribute
Warning (13024): Output pins are stuck at VCC or GND
    Warning (13410): Pin "mem_byte_enable[0]" is stuck at VCC
    Warning (13410): Pin "mem_byte_enable[1]" is stuck at VCC
    Warning (13410): Pin "mem_byte_enable[2]" is stuck at VCC
    Warning (13410): Pin "mem_byte_enable[3]" is stuck at VCC
Info (286030): Timing-Driven Synthesis is running
Info (17049): 32 registers lost all their fanouts during netlist optimizations.
Info (144001): Generated suppressed messages file /home/cao37/ece411/mp0/output_files/mp0.map.smsg
Info (16010): Generating hard_block partition "hard_block:auto_generated_inst"
    Info (16011): Adding 0 node(s), including 0 DDIO, 0 PLL, 0 transceiver and 0 LCELL
Info (21057): Implemented 2507 device resources after synthesis - the final resource count might be different
    Info (21058): Implemented 34 input pins
    Info (21059): Implemented 70 output pins
    Info (21061): Implemented 2403 logic cells
Info: Quartus II 32-bit Analysis & Synthesis was successful. 0 errors, 12 warnings
    Info: Peak virtual memory: 456 megabytes
    Info: Processing ended: Thu Jan 24 19:02:48 2019
    Info: Elapsed time: 00:00:07
    Info: Total CPU time (on all processors): 00:00:05


+------------------------------------------+
; Analysis & Synthesis Suppressed Messages ;
+------------------------------------------+
The suppressed messages can be found in /home/cao37/ece411/mp0/output_files/mp0.map.smsg.


